<?xml version="1.0" encoding="UTF-8"?>
<!-- Generated by org.testng.reporters.JUnitXMLReporter -->
<testsuite hostname="Asus-India" name="LennoxProsRegSuite" tests="3" failures="0" timestamp="12 Oct 2018 08:01:36 GMT" time="68.602" errors="0">
  <testcase name="@AfterMethod captureStatus" time="0.0" classname="com.lenox.TestCases.ProposalTool">
    <failure type="org.openqa.selenium.ElementClickInterceptedException" message="Element &amp;lt;a id=&amp;quot;logout_id&amp;quot; class=&amp;quot;login-link&amp;quot; href=&amp;quot;/logout&amp;quot;&amp;gt; is not clickable at point (1143.058364868164,15.800003051757812) because another element &amp;lt;div id=&amp;quot;duplicate-lead-modal&amp;quot; class=&amp;quot;modal-popup moby shade small quick-action-popup show&amp;quot;&amp;gt; obscures it
Build info: version: &amp;apos;3.12.0&amp;apos;, revision: &amp;apos;7c6e0b3&amp;apos;, time: &amp;apos;2018-05-08T14:04:26.12Z&amp;apos;
System info: host: &amp;apos;ASUS-INDIA&amp;apos;, ip: &amp;apos;169.254.135.82&amp;apos;, os.name: &amp;apos;Windows 10&amp;apos;, os.arch: &amp;apos;amd64&amp;apos;, os.version: &amp;apos;10.0&amp;apos;, java.version: &amp;apos;1.8.0_131&amp;apos;
Driver info: org.openqa.selenium.firefox.FirefoxDriver
Capabilities {acceptInsecureCerts: true, browserName: firefox, browserVersion: 62.0.3, javascriptEnabled: true, moz:accessibilityChecks: false, moz:headless: false, moz:processID: 6104, moz:profile: C:\Users\Asus\AppData\Local..., moz:useNonSpecCompliantPointerOrigin: false, moz:webdriverClick: true, pageLoadStrategy: normal, platform: XP, platformName: XP, platformVersion: 10.0, rotatable: false, timeouts: {implicit: 0, pageLoad: 300000, script: 30000}}
Session ID: 86fd276c-9468-4bd3-937c-81382d50f79a">
      <![CDATA[org.openqa.selenium.ElementClickInterceptedException: Element <a id="logout_id" class="login-link" href="/logout"> is not clickable at point (1143.058364868164,15.800003051757812) because another element <div id="duplicate-lead-modal" class="modal-popup moby shade small quick-action-popup show"> obscures it
Build info: version: '3.12.0', revision: '7c6e0b3', time: '2018-05-08T14:04:26.12Z'
System info: host: 'ASUS-INDIA', ip: '169.254.135.82', os.name: 'Windows 10', os.arch: 'amd64', os.version: '10.0', java.version: '1.8.0_131'
Driver info: org.openqa.selenium.firefox.FirefoxDriver
Capabilities {acceptInsecureCerts: true, browserName: firefox, browserVersion: 62.0.3, javascriptEnabled: true, moz:accessibilityChecks: false, moz:headless: false, moz:processID: 6104, moz:profile: C:\Users\Asus\AppData\Local..., moz:useNonSpecCompliantPointerOrigin: false, moz:webdriverClick: true, pageLoadStrategy: normal, platform: XP, platformName: XP, platformVersion: 10.0, rotatable: false, timeouts: {implicit: 0, pageLoad: 300000, script: 30000}}
Session ID: 86fd276c-9468-4bd3-937c-81382d50f79a
	at org.openqa.selenium.remote.http.W3CHttpResponseCodec.createException(W3CHttpResponseCodec.java:187)
	at org.openqa.selenium.remote.http.W3CHttpResponseCodec.decode(W3CHttpResponseCodec.java:122)
	at org.openqa.selenium.remote.http.W3CHttpResponseCodec.decode(W3CHttpResponseCodec.java:49)
	at org.openqa.selenium.remote.HttpCommandExecutor.execute(HttpCommandExecutor.java:158)
	at org.openqa.selenium.remote.service.DriverCommandExecutor.execute(DriverCommandExecutor.java:83)
	at org.openqa.selenium.remote.RemoteWebDriver.execute(RemoteWebDriver.java:543)
	at org.openqa.selenium.remote.RemoteWebElement.execute(RemoteWebElement.java:276)
	at org.openqa.selenium.remote.RemoteWebElement.click(RemoteWebElement.java:83)
	at org.openqa.selenium.support.pagefactory.internal.LocatingElementHandler.invoke(LocatingElementHandler.java:51)
	at com.sun.proxy.$Proxy11.click(Unknown Source)
	at com.lenox.PageObjectLibrary.LoginPage.logOut(LoginPage.java:81)
	at com.lenox.TestCases.ProposalTool.captureStatus(ProposalTool.java:69)
... Removed 43 stack frames]]>
    </failure>
  </testcase> <!-- @AfterMethod captureStatus -->
  <testcase name="@BeforeMethod register" time="0.0" classname="com.lenox.TestCases.ProposalTool">
    <skipped/>
  </testcase> <!-- @BeforeMethod register -->
  <testcase name="@AfterMethod captureStatus" time="0.0" classname="com.lenox.TestCases.ProposalTool">
    <skipped/>
  </testcase> <!-- @AfterMethod captureStatus -->
  <testcase name="@BeforeMethod register" time="0.0" classname="com.lenox.TestCases.ProposalTool">
    <skipped/>
  </testcase> <!-- @BeforeMethod register -->
  <testcase name="@AfterMethod captureStatus" time="0.0" classname="com.lenox.TestCases.ProposalTool">
    <skipped/>
  </testcase> <!-- @AfterMethod captureStatus -->
  <testcase name="@AfterTest cleanUp" time="0.0" classname="com.lenox.TestCases.ProposalTool">
    <skipped/>
  </testcase> <!-- @AfterTest cleanUp -->
  <testcase name="testOne_ProposalWithImage" time="46.699" classname="com.lenox.TestCases.ProposalTool">
    <skipped/>
  </testcase> <!-- testOne_ProposalWithImage -->
  <testcase name="testOne_ProposalWithImage" time="0.0" classname="com.lenox.TestCases.ProposalTool">
    <skipped/>
  </testcase> <!-- testOne_ProposalWithImage -->
  <testcase name="testTwo_ProposalWithDoc" time="0.0" classname="com.lenox.TestCases.ProposalTool">
    <skipped/>
  </testcase> <!-- testTwo_ProposalWithDoc -->
</testsuite> <!-- LennoxProsRegSuite -->
