<!DOCTYPE html PUBLIC "-//W3C//DTD XHTML 1.1//EN" "http://www.w3.org/TR/xhtml11/DTD/xhtml11.dtd">
<html xmlns="http://www.w3.org/1999/xhtml"><head><title>TestNG Report</title><style type="text/css">table {margin-bottom:10px;border-collapse:collapse;empty-cells:show}th,td {border:1px solid #009;padding:.25em .5em}th {vertical-align:bottom}td {vertical-align:top}table a {font-weight:bold}.stripe td {background-color: #E6EBF9}.num {text-align:right}.passedodd td {background-color: #3F3}.passedeven td {background-color: #0A0}.skippedodd td {background-color: #DDD}.skippedeven td {background-color: #CCC}.failedodd td,.attn {background-color: #F33}.failedeven td,.stripe .attn {background-color: #D00}.stacktrace {white-space:pre;font-family:monospace}.totop {font-size:85%;text-align:center;border-bottom:2px solid #000}</style></head><body><table><tr><th>Test</th><th># Passed</th><th># Skipped</th><th># Failed</th><th>Time (ms)</th><th>Included Groups</th><th>Excluded Groups</th></tr><tr><th colspan="7">Suite</th></tr><tr><td><a href="#t0">LennoxProsRegSuite</a></td><td class="num">0</td><td class="num attn">3</td><td class="num">0</td><td class="num">68,602</td><td></td><td></td></tr></table><table><thead><tr><th>Class</th><th>Method</th><th>Start</th><th>Time (ms)</th></tr></thead><tbody><tr><th colspan="4">Suite</th></tr></tbody><tbody id="t0"><tr><th colspan="4">LennoxProsRegSuite &#8212; failed (configuration methods)</th></tr><tr class="failedeven"><td rowspan="1">com.lenox.TestCases.ProposalTool</td><td><a href="#m0">captureStatus</a></td><td rowspan="1">1539331296037</td><td rowspan="1">0</td></tr><tr><th colspan="4">LennoxProsRegSuite &#8212; skipped (configuration methods)</th></tr><tr class="skippedeven"><td rowspan="7">com.lenox.TestCases.ProposalTool</td><td><a href="#m1">afterSuite</a></td><td rowspan="1">1539331296193</td><td rowspan="1">0</td></tr><tr class="skippedeven"><td><a href="#m2">captureStatus</a></td><td rowspan="2">1539331296115</td><td rowspan="2">0</td></tr><tr class="skippedeven"><td><a href="#m3">captureStatus</a></td></tr><tr class="skippedeven"><td><a href="#m4">cleanUp</a></td><td rowspan="1">1539331296115</td><td rowspan="1">0</td></tr><tr class="skippedeven"><td><a href="#m5">register</a></td><td rowspan="2">1539331296115</td><td rowspan="2">0</td></tr><tr class="skippedeven"><td><a href="#m6">register</a></td></tr><tr class="skippedeven"><td><a href="#m7">tearDown</a></td><td rowspan="1">1539331296193</td><td rowspan="1">0</td></tr><tr><th colspan="4">LennoxProsRegSuite &#8212; skipped</th></tr><tr class="skippedeven"><td rowspan="3">com.lenox.TestCases.ProposalTool</td><td><a href="#m8">testOne_ProposalWithImage</a></td><td rowspan="2">1539331249025</td><td rowspan="2">46699</td></tr><tr class="skippedeven"><td><a href="#m9">testOne_ProposalWithImage</a></td></tr><tr class="skippedeven"><td><a href="#m10">testTwo_ProposalWithDoc</a></td><td rowspan="1">1539331296115</td><td rowspan="1">0</td></tr></tbody></table><h2>LennoxProsRegSuite</h2><h3 id="m0">com.lenox.TestCases.ProposalTool#captureStatus</h3><table class="result"><tr class="param"><th>Parameter #1</th></tr><tr class="param stripe"><td>[TestResult name=testOne_ProposalWithImage status=SKIP method=ProposalTool.testOne_ProposalWithImage()[pri:1, instance:com.lenox.TestCases.ProposalTool@2c9f9fb0] output={null}]</td></tr><tr><th>Exception</th></tr><tr><td><div class="stacktrace">org.openqa.selenium.ElementClickInterceptedException: Element &lt;a id=&quot;logout_id&quot; class=&quot;login-link&quot; href=&quot;/logout&quot;&gt; is not clickable at point (1143.058364868164,15.800003051757812) because another element &lt;div id=&quot;duplicate-lead-modal&quot; class=&quot;modal-popup moby shade small quick-action-popup show&quot;&gt; obscures it
Build info: version: &apos;3.12.0&apos;, revision: &apos;7c6e0b3&apos;, time: &apos;2018-05-08T14:04:26.12Z&apos;
System info: host: &apos;ASUS-INDIA&apos;, ip: &apos;169.254.135.82&apos;, os.name: &apos;Windows 10&apos;, os.arch: &apos;amd64&apos;, os.version: &apos;10.0&apos;, java.version: &apos;1.8.0_131&apos;
Driver info: org.openqa.selenium.firefox.FirefoxDriver
Capabilities {acceptInsecureCerts: true, browserName: firefox, browserVersion: 62.0.3, javascriptEnabled: true, moz:accessibilityChecks: false, moz:headless: false, moz:processID: 6104, moz:profile: C:\Users\Asus\AppData\Local..., moz:useNonSpecCompliantPointerOrigin: false, moz:webdriverClick: true, pageLoadStrategy: normal, platform: XP, platformName: XP, platformVersion: 10.0, rotatable: false, timeouts: {implicit: 0, pageLoad: 300000, script: 30000}}
Session ID: 86fd276c-9468-4bd3-937c-81382d50f79a
	at org.openqa.selenium.remote.http.W3CHttpResponseCodec.createException(W3CHttpResponseCodec.java:187)
	at org.openqa.selenium.remote.http.W3CHttpResponseCodec.decode(W3CHttpResponseCodec.java:122)
	at org.openqa.selenium.remote.http.W3CHttpResponseCodec.decode(W3CHttpResponseCodec.java:49)
	at org.openqa.selenium.remote.HttpCommandExecutor.execute(HttpCommandExecutor.java:158)
	at org.openqa.selenium.remote.service.DriverCommandExecutor.execute(DriverCommandExecutor.java:83)
	at org.openqa.selenium.remote.RemoteWebDriver.execute(RemoteWebDriver.java:543)
	at org.openqa.selenium.remote.RemoteWebElement.execute(RemoteWebElement.java:276)
	at org.openqa.selenium.remote.RemoteWebElement.click(RemoteWebElement.java:83)
	at org.openqa.selenium.support.pagefactory.internal.LocatingElementHandler.invoke(LocatingElementHandler.java:51)
	at com.sun.proxy.$Proxy11.click(Unknown Source)
	at com.lenox.PageObjectLibrary.LoginPage.logOut(LoginPage.java:81)
	at com.lenox.TestCases.ProposalTool.captureStatus(ProposalTool.java:69)
... Removed 43 stack frames</div></td></tr></table><p class="totop"><a href="#summary">back to summary</a></p><h3 id="m1">com.lenox.TestCases.ProposalTool#afterSuite</h3><table class="result"></table><p class="totop"><a href="#summary">back to summary</a></p><h3 id="m2">com.lenox.TestCases.ProposalTool#captureStatus</h3><table class="result"></table><p class="totop"><a href="#summary">back to summary</a></p><h3 id="m3">com.lenox.TestCases.ProposalTool#captureStatus</h3><table class="result"></table><p class="totop"><a href="#summary">back to summary</a></p><h3 id="m4">com.lenox.TestCases.ProposalTool#cleanUp</h3><table class="result"></table><p class="totop"><a href="#summary">back to summary</a></p><h3 id="m5">com.lenox.TestCases.ProposalTool#register</h3><table class="result"></table><p class="totop"><a href="#summary">back to summary</a></p><h3 id="m6">com.lenox.TestCases.ProposalTool#register</h3><table class="result"></table><p class="totop"><a href="#summary">back to summary</a></p><h3 id="m7">com.lenox.TestCases.ProposalTool#tearDown</h3><table class="result"></table><p class="totop"><a href="#summary">back to summary</a></p><h3 id="m8">com.lenox.TestCases.ProposalTool#testOne_ProposalWithImage</h3><table class="result"><tr><th>Exception</th></tr><tr><td><div class="stacktrace">java.lang.AssertionError: expected [true] but found [false]
	at com.lenox.TestCases.ProposalTool.testOne_ProposalWithImage(ProposalTool.java:114)
... Removed 37 stack frames</div></td></tr></table><p class="totop"><a href="#summary">back to summary</a></p><h3 id="m9">com.lenox.TestCases.ProposalTool#testOne_ProposalWithImage</h3><table class="result"></table><p class="totop"><a href="#summary">back to summary</a></p><h3 id="m10">com.lenox.TestCases.ProposalTool#testTwo_ProposalWithDoc</h3><table class="result"></table><p class="totop"><a href="#summary">back to summary</a></p></body></html>