<?xml version="1.0" encoding="UTF-8"?>
<testng-results skipped="3" failed="0" total="3" passed="0">
  <reporter-output>
  </reporter-output>
  <suite name="Suite" duration-ms="68602" started-at="2018-10-12T08:00:27Z" finished-at="2018-10-12T08:01:36Z">
    <groups>
    </groups>
    <test name="LennoxProsRegSuite" duration-ms="68602" started-at="2018-10-12T08:00:27Z" finished-at="2018-10-12T08:01:36Z">
      <class name="com.lenox.TestCases.ProposalTool">
        <test-method status="PASS" signature="setUp()[pri:0, instance:com.lenox.TestCases.ProposalTool@2c9f9fb0]" name="setUp" is-config="true" duration-ms="486" started-at="2018-10-12T13:30:27Z" finished-at="2018-10-12T13:30:27Z">
          <reporter-output>
          </reporter-output>
        </test-method> <!-- setUp -->
        <test-method status="PASS" signature="BeforeTest()[pri:0, instance:com.lenox.TestCases.ProposalTool@2c9f9fb0]" name="BeforeTest" is-config="true" duration-ms="7970" started-at="2018-10-12T13:30:27Z" finished-at="2018-10-12T13:30:35Z">
          <reporter-output>
          </reporter-output>
        </test-method> <!-- BeforeTest -->
        <test-method status="PASS" signature="register(java.lang.reflect.Method)[pri:0, instance:com.lenox.TestCases.ProposalTool@2c9f9fb0]" name="register" is-config="true" duration-ms="13542" started-at="2018-10-12T13:30:35Z" finished-at="2018-10-12T13:30:49Z">
          <params>
            <param index="0">
              <value>
                <![CDATA[public void com.lenox.TestCases.ProposalTool.testOne_ProposalWithImage() throws java.lang.Exception]]>
              </value>
            </param>
          </params>
          <reporter-output>
          </reporter-output>
        </test-method> <!-- register -->
        <test-method status="SKIP" signature="testOne_ProposalWithImage()[pri:1, instance:com.lenox.TestCases.ProposalTool@2c9f9fb0]" name="testOne_ProposalWithImage" duration-ms="46699" started-at="2018-10-12T13:30:49Z" finished-at="2018-10-12T13:31:35Z">
          <exception class="java.lang.AssertionError">
            <message>
              <![CDATA[expected [true] but found [false]]]>
            </message>
            <full-stacktrace>
              <![CDATA[java.lang.AssertionError: expected [true] but found [false]
	at org.testng.Assert.fail(Assert.java:94)
	at org.testng.Assert.failNotEquals(Assert.java:513)
	at org.testng.Assert.assertTrue(Assert.java:42)
	at org.testng.Assert.assertTrue(Assert.java:52)
	at com.lenox.TestCases.ProposalTool.testOne_ProposalWithImage(ProposalTool.java:114)
	at sun.reflect.NativeMethodAccessorImpl.invoke0(Native Method)
	at sun.reflect.NativeMethodAccessorImpl.invoke(Unknown Source)
	at sun.reflect.DelegatingMethodAccessorImpl.invoke(Unknown Source)
	at java.lang.reflect.Method.invoke(Unknown Source)
	at org.testng.internal.MethodInvocationHelper.invokeMethod(MethodInvocationHelper.java:86)
	at org.testng.internal.Invoker.invokeMethod(Invoker.java:643)
	at org.testng.internal.Invoker.invokeTestMethod(Invoker.java:820)
	at org.testng.internal.Invoker.invokeTestMethods(Invoker.java:1128)
	at org.testng.internal.TestMethodWorker.invokeTestMethods(TestMethodWorker.java:129)
	at org.testng.internal.TestMethodWorker.run(TestMethodWorker.java:112)
	at org.testng.TestRunner.privateRun(TestRunner.java:782)
	at org.testng.TestRunner.run(TestRunner.java:632)
	at org.testng.SuiteRunner.runTest(SuiteRunner.java:366)
	at org.testng.SuiteRunner.runSequentially(SuiteRunner.java:361)
	at org.testng.SuiteRunner.privateRun(SuiteRunner.java:319)
	at org.testng.SuiteRunner.run(SuiteRunner.java:268)
	at org.testng.SuiteRunnerWorker.runSuite(SuiteRunnerWorker.java:52)
	at org.testng.SuiteRunnerWorker.run(SuiteRunnerWorker.java:86)
	at org.testng.TestNG.runSuitesSequentially(TestNG.java:1244)
	at org.testng.TestNG.runSuitesLocally(TestNG.java:1169)
	at org.testng.TestNG.run(TestNG.java:1064)
	at org.apache.maven.surefire.testng.TestNGExecutor.run(TestNGExecutor.java:177)
	at org.apache.maven.surefire.testng.TestNGXmlTestSuite.execute(TestNGXmlTestSuite.java:92)
	at org.apache.maven.surefire.testng.TestNGProvider.invoke(TestNGProvider.java:105)
	at sun.reflect.NativeMethodAccessorImpl.invoke0(Native Method)
	at sun.reflect.NativeMethodAccessorImpl.invoke(Unknown Source)
	at sun.reflect.DelegatingMethodAccessorImpl.invoke(Unknown Source)
	at java.lang.reflect.Method.invoke(Unknown Source)
	at org.apache.maven.surefire.util.ReflectionUtils.invokeMethodWithArray(ReflectionUtils.java:189)
	at org.apache.maven.surefire.booter.ProviderFactory$ProviderProxy.invoke(ProviderFactory.java:165)
	at org.apache.maven.surefire.booter.ProviderFactory.invokeProvider(ProviderFactory.java:85)
	at org.apache.maven.surefire.booter.ForkedBooter.runSuitesInProcess(ForkedBooter.java:103)
	at org.apache.maven.surefire.booter.ForkedBooter.main(ForkedBooter.java:74)
]]>
            </full-stacktrace>
          </exception> <!-- java.lang.AssertionError -->
          <reporter-output>
          </reporter-output>
        </test-method> <!-- testOne_ProposalWithImage -->
        <test-method status="FAIL" signature="captureStatus(org.testng.ITestResult)[pri:0, instance:com.lenox.TestCases.ProposalTool@2c9f9fb0]" name="captureStatus" is-config="true" duration-ms="0" started-at="2018-10-12T13:31:36Z" finished-at="2018-10-12T13:31:36Z">
          <params>
            <param index="0">
              <value>
                <![CDATA[[TestResult name=testOne_ProposalWithImage status=SKIP method=ProposalTool.testOne_ProposalWithImage()[pri:1, instance:com.lenox.TestCases.ProposalTool@2c9f9fb0] output={null}]]]>
              </value>
            </param>
          </params>
          <exception class="org.openqa.selenium.ElementClickInterceptedException">
            <message>
              <![CDATA[Element <a id="logout_id" class="login-link" href="/logout"> is not clickable at point (1143.058364868164,15.800003051757812) because another element <div id="duplicate-lead-modal" class="modal-popup moby shade small quick-action-popup show"> obscures it
Build info: version: '3.12.0', revision: '7c6e0b3', time: '2018-05-08T14:04:26.12Z'
System info: host: 'ASUS-INDIA', ip: '169.254.135.82', os.name: 'Windows 10', os.arch: 'amd64', os.version: '10.0', java.version: '1.8.0_131'
Driver info: org.openqa.selenium.firefox.FirefoxDriver
Capabilities {acceptInsecureCerts: true, browserName: firefox, browserVersion: 62.0.3, javascriptEnabled: true, moz:accessibilityChecks: false, moz:headless: false, moz:processID: 6104, moz:profile: C:\Users\Asus\AppData\Local..., moz:useNonSpecCompliantPointerOrigin: false, moz:webdriverClick: true, pageLoadStrategy: normal, platform: XP, platformName: XP, platformVersion: 10.0, rotatable: false, timeouts: {implicit: 0, pageLoad: 300000, script: 30000}}
Session ID: 86fd276c-9468-4bd3-937c-81382d50f79a]]>
            </message>
            <full-stacktrace>
              <![CDATA[org.openqa.selenium.ElementClickInterceptedException: Element <a id="logout_id" class="login-link" href="/logout"> is not clickable at point (1143.058364868164,15.800003051757812) because another element <div id="duplicate-lead-modal" class="modal-popup moby shade small quick-action-popup show"> obscures it
Build info: version: '3.12.0', revision: '7c6e0b3', time: '2018-05-08T14:04:26.12Z'
System info: host: 'ASUS-INDIA', ip: '169.254.135.82', os.name: 'Windows 10', os.arch: 'amd64', os.version: '10.0', java.version: '1.8.0_131'
Driver info: org.openqa.selenium.firefox.FirefoxDriver
Capabilities {acceptInsecureCerts: true, browserName: firefox, browserVersion: 62.0.3, javascriptEnabled: true, moz:accessibilityChecks: false, moz:headless: false, moz:processID: 6104, moz:profile: C:\Users\Asus\AppData\Local..., moz:useNonSpecCompliantPointerOrigin: false, moz:webdriverClick: true, pageLoadStrategy: normal, platform: XP, platformName: XP, platformVersion: 10.0, rotatable: false, timeouts: {implicit: 0, pageLoad: 300000, script: 30000}}
Session ID: 86fd276c-9468-4bd3-937c-81382d50f79a
	at sun.reflect.NativeConstructorAccessorImpl.newInstance0(Native Method)
	at sun.reflect.NativeConstructorAccessorImpl.newInstance(Unknown Source)
	at sun.reflect.DelegatingConstructorAccessorImpl.newInstance(Unknown Source)
	at java.lang.reflect.Constructor.newInstance(Unknown Source)
	at org.openqa.selenium.remote.http.W3CHttpResponseCodec.createException(W3CHttpResponseCodec.java:187)
	at org.openqa.selenium.remote.http.W3CHttpResponseCodec.decode(W3CHttpResponseCodec.java:122)
	at org.openqa.selenium.remote.http.W3CHttpResponseCodec.decode(W3CHttpResponseCodec.java:49)
	at org.openqa.selenium.remote.HttpCommandExecutor.execute(HttpCommandExecutor.java:158)
	at org.openqa.selenium.remote.service.DriverCommandExecutor.execute(DriverCommandExecutor.java:83)
	at org.openqa.selenium.remote.RemoteWebDriver.execute(RemoteWebDriver.java:543)
	at org.openqa.selenium.remote.RemoteWebElement.execute(RemoteWebElement.java:276)
	at org.openqa.selenium.remote.RemoteWebElement.click(RemoteWebElement.java:83)
	at sun.reflect.NativeMethodAccessorImpl.invoke0(Native Method)
	at sun.reflect.NativeMethodAccessorImpl.invoke(Unknown Source)
	at sun.reflect.DelegatingMethodAccessorImpl.invoke(Unknown Source)
	at java.lang.reflect.Method.invoke(Unknown Source)
	at org.openqa.selenium.support.pagefactory.internal.LocatingElementHandler.invoke(LocatingElementHandler.java:51)
	at com.sun.proxy.$Proxy11.click(Unknown Source)
	at com.lenox.PageObjectLibrary.LoginPage.logOut(LoginPage.java:81)
	at com.lenox.TestCases.ProposalTool.captureStatus(ProposalTool.java:69)
	at sun.reflect.NativeMethodAccessorImpl.invoke0(Native Method)
	at sun.reflect.NativeMethodAccessorImpl.invoke(Unknown Source)
	at sun.reflect.DelegatingMethodAccessorImpl.invoke(Unknown Source)
	at java.lang.reflect.Method.invoke(Unknown Source)
	at org.testng.internal.MethodInvocationHelper.invokeMethod(MethodInvocationHelper.java:86)
	at org.testng.internal.Invoker.invokeConfigurationMethod(Invoker.java:514)
	at org.testng.internal.Invoker.invokeConfigurations(Invoker.java:215)
	at org.testng.internal.Invoker.invokeMethod(Invoker.java:707)
	at org.testng.internal.Invoker.invokeTestMethod(Invoker.java:820)
	at org.testng.internal.Invoker.invokeTestMethods(Invoker.java:1128)
	at org.testng.internal.TestMethodWorker.invokeTestMethods(TestMethodWorker.java:129)
	at org.testng.internal.TestMethodWorker.run(TestMethodWorker.java:112)
	at org.testng.TestRunner.privateRun(TestRunner.java:782)
	at org.testng.TestRunner.run(TestRunner.java:632)
	at org.testng.SuiteRunner.runTest(SuiteRunner.java:366)
	at org.testng.SuiteRunner.runSequentially(SuiteRunner.java:361)
	at org.testng.SuiteRunner.privateRun(SuiteRunner.java:319)
	at org.testng.SuiteRunner.run(SuiteRunner.java:268)
	at org.testng.SuiteRunnerWorker.runSuite(SuiteRunnerWorker.java:52)
	at org.testng.SuiteRunnerWorker.run(SuiteRunnerWorker.java:86)
	at org.testng.TestNG.runSuitesSequentially(TestNG.java:1244)
	at org.testng.TestNG.runSuitesLocally(TestNG.java:1169)
	at org.testng.TestNG.run(TestNG.java:1064)
	at org.apache.maven.surefire.testng.TestNGExecutor.run(TestNGExecutor.java:177)
	at org.apache.maven.surefire.testng.TestNGXmlTestSuite.execute(TestNGXmlTestSuite.java:92)
	at org.apache.maven.surefire.testng.TestNGProvider.invoke(TestNGProvider.java:105)
	at sun.reflect.NativeMethodAccessorImpl.invoke0(Native Method)
	at sun.reflect.NativeMethodAccessorImpl.invoke(Unknown Source)
	at sun.reflect.DelegatingMethodAccessorImpl.invoke(Unknown Source)
	at java.lang.reflect.Method.invoke(Unknown Source)
	at org.apache.maven.surefire.util.ReflectionUtils.invokeMethodWithArray(ReflectionUtils.java:189)
	at org.apache.maven.surefire.booter.ProviderFactory$ProviderProxy.invoke(ProviderFactory.java:165)
	at org.apache.maven.surefire.booter.ProviderFactory.invokeProvider(ProviderFactory.java:85)
	at org.apache.maven.surefire.booter.ForkedBooter.runSuitesInProcess(ForkedBooter.java:103)
	at org.apache.maven.surefire.booter.ForkedBooter.main(ForkedBooter.java:74)
]]>
            </full-stacktrace>
          </exception> <!-- org.openqa.selenium.ElementClickInterceptedException -->
          <reporter-output>
          </reporter-output>
        </test-method> <!-- captureStatus -->
        <test-method status="SKIP" signature="register(java.lang.reflect.Method)[pri:0, instance:com.lenox.TestCases.ProposalTool@2c9f9fb0]" name="register" is-config="true" duration-ms="0" started-at="2018-10-12T13:31:36Z" finished-at="2018-10-12T13:31:36Z">
          <reporter-output>
          </reporter-output>
        </test-method> <!-- register -->
        <test-method status="SKIP" signature="cleanUp()[pri:0, instance:com.lenox.TestCases.ProposalTool@2c9f9fb0]" name="cleanUp" is-config="true" duration-ms="0" started-at="2018-10-12T13:31:36Z" finished-at="2018-10-12T13:31:36Z">
          <reporter-output>
          </reporter-output>
        </test-method> <!-- cleanUp -->
        <test-method status="SKIP" signature="captureStatus(org.testng.ITestResult)[pri:0, instance:com.lenox.TestCases.ProposalTool@2c9f9fb0]" name="captureStatus" is-config="true" duration-ms="0" started-at="2018-10-12T13:31:36Z" finished-at="2018-10-12T13:31:36Z">
          <reporter-output>
          </reporter-output>
        </test-method> <!-- captureStatus -->
        <test-method status="SKIP" signature="register(java.lang.reflect.Method)[pri:0, instance:com.lenox.TestCases.ProposalTool@2c9f9fb0]" name="register" is-config="true" duration-ms="0" started-at="2018-10-12T13:31:36Z" finished-at="2018-10-12T13:31:36Z">
          <reporter-output>
          </reporter-output>
        </test-method> <!-- register -->
        <test-method status="SKIP" signature="testOne_ProposalWithImage()[pri:1, instance:com.lenox.TestCases.ProposalTool@2c9f9fb0]" name="testOne_ProposalWithImage" duration-ms="0" started-at="2018-10-12T13:31:36Z" finished-at="2018-10-12T13:31:36Z">
          <reporter-output>
          </reporter-output>
        </test-method> <!-- testOne_ProposalWithImage -->
        <test-method status="SKIP" signature="captureStatus(org.testng.ITestResult)[pri:0, instance:com.lenox.TestCases.ProposalTool@2c9f9fb0]" name="captureStatus" is-config="true" duration-ms="0" started-at="2018-10-12T13:31:36Z" finished-at="2018-10-12T13:31:36Z">
          <reporter-output>
          </reporter-output>
        </test-method> <!-- captureStatus -->
        <test-method status="SKIP" signature="testTwo_ProposalWithDoc()[pri:5, instance:com.lenox.TestCases.ProposalTool@2c9f9fb0]" name="testTwo_ProposalWithDoc" duration-ms="0" started-at="2018-10-12T13:31:36Z" finished-at="2018-10-12T13:31:36Z">
          <reporter-output>
          </reporter-output>
        </test-method> <!-- testTwo_ProposalWithDoc -->
        <test-method status="SKIP" signature="afterSuite()[pri:0, instance:com.lenox.TestCases.ProposalTool@2c9f9fb0]" name="afterSuite" is-config="true" duration-ms="0" started-at="2018-10-12T13:31:36Z" finished-at="2018-10-12T13:31:36Z">
          <reporter-output>
          </reporter-output>
        </test-method> <!-- afterSuite -->
        <test-method status="SKIP" signature="tearDown()[pri:0, instance:com.lenox.TestCases.ProposalTool@2c9f9fb0]" name="tearDown" is-config="true" duration-ms="0" started-at="2018-10-12T13:31:36Z" depends-on-methods="com.lenox.TestCases.ProposalTool.afterSuite" finished-at="2018-10-12T13:31:36Z">
          <reporter-output>
          </reporter-output>
        </test-method> <!-- tearDown -->
      </class> <!-- com.lenox.TestCases.ProposalTool -->
    </test> <!-- LennoxProsRegSuite -->
  </suite> <!-- Suite -->
</testng-results>
